<?xml version="1.0" encoding="UTF-8"?>
<!-- Generated by org.testng.reporters.JUnitReportReporter -->
<testsuite hostname="ojt18-PC" name="DriverFactory.AppTest" tests="1" failures="0" timestamp="28 Sep 2019 03:43:34 GMT" time="21.546" errors="0">
  <testcase name="kickstart" time="21.546" classname="DriverFactory.AppTest"/>
</testsuite> <!-- DriverFactory.AppTest -->
